Assignment_5/Ranjan_Jayapal/Chat-App/app/build/outputs/logs/manifest-merger-debug-report.txt
-- Merging decision tree log ---
manifest
ADDED from src/main/AndroidManifest.xml:2:1-43:12
	package
		ADDED from src/main/AndroidManifest.xml:3:5-37
		INJECTED from src/main/AndroidManifest.xml
		INJECTED from src/main/AndroidManifest.xml
	android:versionName
		INJECTED from src/main/AndroidManifest.xml
		INJECTED from src/main/AndroidManifest.xml
	xmlns:android
		ADDED from src/main/AndroidManifest.xml:2:11-69
	android:versionCode
		INJECTED from src/main/AndroidManifest.xml
		INJECTED from src/main/AndroidManifest.xml
uses-permission#android.permission.WRITE_EXTERNAL_STORAGE
ADDED from src/main/AndroidManifest.xml:5:5-81
	android:name
		ADDED from src/main/AndroidManifest.xml:5:22-78
uses-permission#android.permission.INTERNET
ADDED from src/main/AndroidManifest.xml:6:5-67
	android:name
		ADDED from src/main/AndroidManifest.xml:6:22-64
application
ADDED from src/main/AndroidManifest.xml:9:5-41:19
	android:label
		ADDED from src/main/AndroidManifest.xml:12:9-41
	android:supportsRtl
		ADDED from src/main/AndroidManifest.xml:13:9-35
	android:allowBackup
		ADDED from src/main/AndroidManifest.xml:10:9-35
	android:icon
		ADDED from src/main/AndroidManifest.xml:11:9-43
	android:theme
		ADDED from src/main/AndroidManifest.xml:14:9-40
activity#edu.stevens.cs522.chat.activities.ChatActivity
ADDED from src/main/AndroidManifest.xml:15:9-21:20
	android:name
		ADDED from src/main/AndroidManifest.xml:15:19-58
intent-filter#android.intent.action.MAIN+android.intent.category.LAUNCHER
ADDED from src/main/AndroidManifest.xml:16:13-20:29
action#android.intent.action.MAIN
ADDED from src/main/AndroidManifest.xml:17:17-69
	android:name
		ADDED from src/main/AndroidManifest.xml:17:25-66
category#android.intent.category.LAUNCHER
ADDED from src/main/AndroidManifest.xml:19:17-77
	android:name
		ADDED from src/main/AndroidManifest.xml:19:27-74
activity#edu.stevens.cs522.chat.activities.ViewPeersActivity
ADDED from src/main/AndroidManifest.xml:22:9-24:65
	android:label
		ADDED from src/main/AndroidManifest.xml:24:13-62
	android:name
		ADDED from src/main/AndroidManifest.xml:23:13-57
activity#edu.stevens.cs522.chat.activities.ViewPeerActivity
ADDED from src/main/AndroidManifest.xml:25:9-27:64
	android:label
		ADDED from src/main/AndroidManifest.xml:27:13-61
	android:name
		ADDED from src/main/AndroidManifest.xml:26:13-56
activity#edu.stevens.cs522.chat.activities.SettingsActivity
ADDED from src/main/AndroidManifest.xml:28:9-30:63
	android:label
		ADDED from src/main/AndroidManifest.xml:30:13-60
	android:name
		ADDED from src/main/AndroidManifest.xml:29:13-56
provider#edu.stevens.cs522.chat.providers.ChatProvider
ADDED from src/main/AndroidManifest.xml:32:9-35:39
	android:authorities
		ADDED from src/main/AndroidManifest.xml:34:13-57
	android:exported
		ADDED from src/main/AndroidManifest.xml:35:13-37
	android:name
		ADDED from src/main/AndroidManifest.xml:33:13-51
service#edu.stevens.cs522.chat.services.ChatService
ADDED from src/main/AndroidManifest.xml:37:9-40:39
	android:enabled
		ADDED from src/main/AndroidManifest.xml:39:13-35
	android:exported
		ADDED from src/main/AndroidManifest.xml:40:13-37
	android:name
		ADDED from src/main/AndroidManifest.xml:38:13-49
uses-sdk
INJECTED from src/main/AndroidManifest.xml reason: use-sdk injection requested
	android:targetSdkVersion
		INJECTED from src/main/AndroidManifest.xml
		INJECTED from src/main/AndroidManifest.xml
	android:minSdkVersion
		INJECTED from src/main/AndroidManifest.xml
		INJECTED from src/main/AndroidManifest.xml